{"/Users/joaobretanha/Documents/workspace/react-boilerplate/src/App.js": {"path":"/Users/joaobretanha/Documents/workspace/react-boilerplate/src/App.js","statementMap":{"0":{"start":{"line":10,"column":4},"end":{"line":14,"column":5}}},"fnMap":{"0":{"name":"(anonymous_0)","decl":{"start":{"line":9,"column":2},"end":{"line":9,"column":3}},"loc":{"start":{"line":9,"column":12},"end":{"line":15,"column":3}},"line":9}},"branchMap":{},"s":{"0":0},"f":{"0":0},"b":{},"_coverageSchema":"332fd63041d2c1bcb487cc26dd0d5f7d97098a6c","hash":"cc6b4a134e731e15232caf22c8d034f8289164e0"}
,"/Users/joaobretanha/Documents/workspace/react-boilerplate/src/Routes.js": {"path":"/Users/joaobretanha/Documents/workspace/react-boilerplate/src/Routes.js","statementMap":{"0":{"start":{"line":10,"column":2},"end":{"line":15,"column":11}}},"fnMap":{"0":{"name":"(anonymous_0)","decl":{"start":{"line":9,"column":15},"end":{"line":9,"column":16}},"loc":{"start":{"line":10,"column":2},"end":{"line":15,"column":11}},"line":10}},"branchMap":{},"s":{"0":0},"f":{"0":0},"b":{},"_coverageSchema":"332fd63041d2c1bcb487cc26dd0d5f7d97098a6c","hash":"b36de46b6c9c141ac30938c990a865da466faa8b"}
,"/Users/joaobretanha/Documents/workspace/react-boilerplate/src/index.js": {"path":"/Users/joaobretanha/Documents/workspace/react-boilerplate/src/index.js","statementMap":{"0":{"start":{"line":1,"column":32},"end":{"line":1,"column":104}},"1":{"start":{"line":1,"column":118},"end":{"line":1,"column":134}},"2":{"start":{"line":1,"column":149},"end":{"line":1,"column":179}},"3":{"start":{"line":2,"column":16},"end":{"line":2,"column":36}},"4":{"start":{"line":2,"column":54},"end":{"line":2,"column":87}},"5":{"start":{"line":3,"column":11},"end":{"line":3,"column":27}},"6":{"start":{"line":3,"column":40},"end":{"line":3,"column":68}},"7":{"start":{"line":3,"column":107},"end":{"line":3,"column":161}},"8":{"start":{"line":5,"column":0},"end":{"line":5,"column":181}}},"fnMap":{"0":{"name":"_interopRequireDefault","decl":{"start":{"line":3,"column":78},"end":{"line":3,"column":100}},"loc":{"start":{"line":3,"column":106},"end":{"line":3,"column":162}},"line":3}},"branchMap":{"0":{"loc":{"start":{"line":3,"column":114},"end":{"line":3,"column":160}},"type":"cond-expr","locations":[{"start":{"line":3,"column":138},"end":{"line":3,"column":141}},{"start":{"line":3,"column":144},"end":{"line":3,"column":160}}],"line":3},"1":{"loc":{"start":{"line":3,"column":114},"end":{"line":3,"column":135}},"type":"binary-expr","locations":[{"start":{"line":3,"column":114},"end":{"line":3,"column":117}},{"start":{"line":3,"column":121},"end":{"line":3,"column":135}}],"line":3}},"s":{"0":0,"1":0,"2":0,"3":0,"4":0,"5":0,"6":0,"7":0,"8":0},"f":{"0":0},"b":{"0":[0,0],"1":[0,0]}}
,"/Users/joaobretanha/Documents/workspace/react-boilerplate/src/setupTests.js": {"path":"/Users/joaobretanha/Documents/workspace/react-boilerplate/src/setupTests.js","statementMap":{"0":{"start":{"line":4,"column":0},"end":{"line":4,"column":37}}},"fnMap":{},"branchMap":{},"s":{"0":2},"f":{},"b":{},"_coverageSchema":"332fd63041d2c1bcb487cc26dd0d5f7d97098a6c","hash":"5fd2ace061e449d1bb9006bd5e33baa1af7eb8f5"}
,"/Users/joaobretanha/Documents/workspace/react-boilerplate/src/components/Button.js": {"path":"/Users/joaobretanha/Documents/workspace/react-boilerplate/src/components/Button.js","statementMap":{"0":{"start":{"line":4,"column":2},"end":{"line":6,"column":11}}},"fnMap":{"0":{"name":"(anonymous_0)","decl":{"start":{"line":3,"column":15},"end":{"line":3,"column":16}},"loc":{"start":{"line":4,"column":2},"end":{"line":6,"column":11}},"line":4}},"branchMap":{"0":{"loc":{"start":{"line":5,"column":12},"end":{"line":5,"column":36}},"type":"binary-expr","locations":[{"start":{"line":5,"column":12},"end":{"line":5,"column":20}},{"start":{"line":5,"column":24},"end":{"line":5,"column":36}}],"line":5}},"s":{"0":1},"f":{"0":1},"b":{"0":[1,0]},"_coverageSchema":"332fd63041d2c1bcb487cc26dd0d5f7d97098a6c","hash":"79ea67490cfbe3641026f92c645be2bc2f5b0918"}
,"/Users/joaobretanha/Documents/workspace/react-boilerplate/src/components/Rota1.js": {"path":"/Users/joaobretanha/Documents/workspace/react-boilerplate/src/components/Rota1.js","statementMap":{"0":{"start":{"line":4,"column":21},"end":{"line":4,"column":52}}},"fnMap":{"0":{"name":"(anonymous_0)","decl":{"start":{"line":4,"column":15},"end":{"line":4,"column":16}},"loc":{"start":{"line":4,"column":21},"end":{"line":4,"column":52}},"line":4}},"branchMap":{},"s":{"0":0},"f":{"0":0},"b":{},"_coverageSchema":"332fd63041d2c1bcb487cc26dd0d5f7d97098a6c","hash":"e7c9ce7a66055f85783f4324f59d14f0dfaf5578"}
,"/Users/joaobretanha/Documents/workspace/react-boilerplate/src/components/Rota2.js": {"path":"/Users/joaobretanha/Documents/workspace/react-boilerplate/src/components/Rota2.js","statementMap":{"0":{"start":{"line":6,"column":2},"end":{"line":9,"column":8}}},"fnMap":{"0":{"name":"(anonymous_0)","decl":{"start":{"line":5,"column":15},"end":{"line":5,"column":16}},"loc":{"start":{"line":6,"column":2},"end":{"line":9,"column":8}},"line":6}},"branchMap":{},"s":{"0":0},"f":{"0":0},"b":{},"_coverageSchema":"332fd63041d2c1bcb487cc26dd0d5f7d97098a6c","hash":"3d1e8fa0255b12263a7797650a7bea8457ac69ea"}
,"/Users/joaobretanha/Documents/workspace/react-boilerplate/src/providers/fetchClient.js": {"path":"/Users/joaobretanha/Documents/workspace/react-boilerplate/src/providers/fetchClient.js","statementMap":{"0":{"start":{"line":1,"column":13},"end":{"line":1,"column":75}},"1":{"start":{"line":1,"column":75},"end":{"line":1,"column":103}},"2":{"start":{"line":1,"column":116},"end":{"line":1,"column":132}},"3":{"start":{"line":1,"column":147},"end":{"line":1,"column":177}},"4":{"start":{"line":1,"column":216},"end":{"line":1,"column":270}},"5":{"start":{"line":3,"column":16},"end":{"line":3,"column":36}},"6":{"start":{"line":5,"column":20},"end":{"line":30,"column":1}},"7":{"start":{"line":6,"column":25},"end":{"line":7,"column":22}},"8":{"start":{"line":10,"column":17},"end":{"line":10,"column":55}},"9":{"start":{"line":12,"column":2},"end":{"line":16,"column":5}},"10":{"start":{"line":14,"column":4},"end":{"line":14,"column":65}},"11":{"start":{"line":15,"column":4},"end":{"line":15,"column":18}},"12":{"start":{"line":18,"column":2},"end":{"line":27,"column":5}},"13":{"start":{"line":19,"column":4},"end":{"line":19,"column":20}},"14":{"start":{"line":21,"column":4},"end":{"line":26,"column":5}},"15":{"start":{"line":23,"column":6},"end":{"line":23,"column":32}},"16":{"start":{"line":25,"column":6},"end":{"line":25,"column":35}},"17":{"start":{"line":29,"column":2},"end":{"line":29,"column":18}},"18":{"start":{"line":30,"column":2},"end":{"line":32,"column":14}}},"fnMap":{"0":{"name":"_interopRequireDefault","decl":{"start":{"line":1,"column":187},"end":{"line":1,"column":209}},"loc":{"start":{"line":1,"column":215},"end":{"line":1,"column":271}},"line":1},"1":{"name":"(anonymous_1)","decl":{"start":{"line":5,"column":20},"end":{"line":5,"column":21}},"loc":{"start":{"line":5,"column":26},"end":{"line":30,"column":1}},"line":5},"2":{"name":"(anonymous_2)","decl":{"start":{"line":12,"column":36},"end":{"line":12,"column":37}},"loc":{"start":{"line":12,"column":46},"end":{"line":16,"column":3}},"line":12},"3":{"name":"(anonymous_3)","decl":{"start":{"line":18,"column":37},"end":{"line":18,"column":38}},"loc":{"start":{"line":18,"column":57},"end":{"line":20,"column":3}},"line":18},"4":{"name":"(anonymous_4)","decl":{"start":{"line":20,"column":5},"end":{"line":20,"column":6}},"loc":{"start":{"line":20,"column":14},"end":{"line":27,"column":3}},"line":20}},"branchMap":{"0":{"loc":{"start":{"line":1,"column":223},"end":{"line":1,"column":269}},"type":"cond-expr","locations":[{"start":{"line":1,"column":247},"end":{"line":1,"column":250}},{"start":{"line":1,"column":253},"end":{"line":1,"column":269}}],"line":1},"1":{"loc":{"start":{"line":1,"column":223},"end":{"line":1,"column":244}},"type":"binary-expr","locations":[{"start":{"line":1,"column":223},"end":{"line":1,"column":226}},{"start":{"line":1,"column":230},"end":{"line":1,"column":244}}],"line":1},"2":{"loc":{"start":{"line":21,"column":4},"end":{"line":26,"column":5}},"type":"if","locations":[{"start":{"line":21,"column":4},"end":{"line":26,"column":5}},{"start":{"line":21,"column":4},"end":{"line":26,"column":5}}],"line":21}},"s":{"0":0,"1":0,"2":0,"3":0,"4":0,"5":0,"6":0,"7":0,"8":0,"9":0,"10":0,"11":0,"12":0,"13":0,"14":0,"15":0,"16":0,"17":0,"18":0},"f":{"0":0,"1":0,"2":0,"3":0,"4":0},"b":{"0":[0,0],"1":[0,0],"2":[0,0]}}
,"/Users/joaobretanha/Documents/workspace/react-boilerplate/src/redux/store.js": {"path":"/Users/joaobretanha/Documents/workspace/react-boilerplate/src/redux/store.js","statementMap":{"0":{"start":{"line":1,"column":13},"end":{"line":1,"column":75}},"1":{"start":{"line":1,"column":88},"end":{"line":1,"column":104}},"2":{"start":{"line":2,"column":18},"end":{"line":2,"column":40}},"3":{"start":{"line":2,"column":60},"end":{"line":2,"column":95}},"4":{"start":{"line":3,"column":19},"end":{"line":3,"column":42}},"5":{"start":{"line":3,"column":63},"end":{"line":3,"column":99}},"6":{"start":{"line":4,"column":15},"end":{"line":4,"column":35}},"7":{"start":{"line":4,"column":52},"end":{"line":4,"column":84}},"8":{"start":{"line":4,"column":123},"end":{"line":4,"column":177}},"9":{"start":{"line":6,"column":19},"end":{"line":6,"column":41}},"10":{"start":{"line":7,"column":0},"end":{"line":9,"column":1}},"11":{"start":{"line":8,"column":2},"end":{"line":8,"column":41}},"12":{"start":{"line":11,"column":14},"end":{"line":11,"column":100}},"13":{"start":{"line":11,"column":101},"end":{"line":13,"column":6}}},"fnMap":{"0":{"name":"_interopRequireDefault","decl":{"start":{"line":4,"column":94},"end":{"line":4,"column":116}},"loc":{"start":{"line":4,"column":122},"end":{"line":4,"column":178}},"line":4}},"branchMap":{"0":{"loc":{"start":{"line":4,"column":130},"end":{"line":4,"column":176}},"type":"cond-expr","locations":[{"start":{"line":4,"column":154},"end":{"line":4,"column":157}},{"start":{"line":4,"column":160},"end":{"line":4,"column":176}}],"line":4},"1":{"loc":{"start":{"line":4,"column":130},"end":{"line":4,"column":151}},"type":"binary-expr","locations":[{"start":{"line":4,"column":130},"end":{"line":4,"column":133}},{"start":{"line":4,"column":137},"end":{"line":4,"column":151}}],"line":4},"2":{"loc":{"start":{"line":7,"column":0},"end":{"line":9,"column":1}},"type":"if","locations":[{"start":{"line":7,"column":0},"end":{"line":9,"column":1}},{"start":{"line":7,"column":0},"end":{"line":9,"column":1}}],"line":7}},"s":{"0":0,"1":0,"2":0,"3":0,"4":0,"5":0,"6":0,"7":0,"8":0,"9":0,"10":0,"11":0,"12":0,"13":0},"f":{"0":0},"b":{"0":[0,0],"1":[0,0],"2":[0,0]}}
,"/Users/joaobretanha/Documents/workspace/react-boilerplate/src/redux/modules/index.js": {"path":"/Users/joaobretanha/Documents/workspace/react-boilerplate/src/redux/modules/index.js","statementMap":{"0":{"start":{"line":1,"column":13},"end":{"line":1,"column":75}},"1":{"start":{"line":1,"column":88},"end":{"line":1,"column":104}},"2":{"start":{"line":2,"column":24},"end":{"line":2,"column":53}},"3":{"start":{"line":2,"column":54},"end":{"line":5,"column":46}}},"fnMap":{},"branchMap":{},"s":{"0":0,"1":0,"2":0,"3":0},"f":{},"b":{}}
}
